<?xml version="1.0" encoding="UTF-8"?>
<!-- Generated by org.testng.reporters.JUnitXMLReporter -->
<testsuite hostname="LAPTOP-B77MLISK" ignored="0" tests="5" failures="0" timestamp="10 Feb 2021 17:21:11 GMT" time="148.106" errors="0">
  <testcase name="GOOGLE1" time="4.208" classname="FirstTest"/>
  <testcase name="GOOGLE2" time="4.219" classname="FirstTest"/>
  <testcase name="GOOGLE3" time="4.191" classname="FirstTest"/>
  <testcase name="GOOGLE4" time="4.082" classname="SecondTest"/>
  <testcase name="YANDEX" time="4.429" classname="SecondTest"/>
</testsuite>
